     Creating library Z:\CODE\UF SUMMER 2024\Summer-2024-Repo\HeroClass\x64\Debug\Testing.lib and object Z:\CODE\UF SUMMER 2024\Summer-2024-Repo\HeroClass\x64\Debug\Testing.exp
Testing.obj : error LNK2019: unresolved external symbol "public: __cdecl Hero::Hero(class std::basic_string<char,struct std::char_traits<char>,class std::allocator<char> >,int,int)" (??0Hero@@QEAA@V?$basic_string@DU?$char_traits@D@std@@V?$allocator@D@2@@std@@HH@Z) referenced in function "public: void __cdecl Testing::Testing::HeroConstructor(void)" (?HeroConstructor@Testing@1@QEAAXXZ)
Testing.obj : error LNK2019: unresolved external symbol "public: class std::basic_string<char,struct std::char_traits<char>,class std::allocator<char> > __cdecl Hero::GetName(void)" (?GetName@Hero@@QEAA?AV?$basic_string@DU?$char_traits@D@std@@V?$allocator@D@2@@std@@XZ) referenced in function "public: void __cdecl Testing::Testing::HeroConstructor(void)" (?HeroConstructor@Testing@1@QEAAXXZ)
Testing.obj : error LNK2001: unresolved external symbol "public: virtual void __cdecl Hero::TakeDamage(int)" (?TakeDamage@Hero@@UEAAXH@Z)
Z:\CODE\UF SUMMER 2024\Summer-2024-Repo\HeroClass\x64\Debug\Testing.dll : fatal error LNK1120: 3 unresolved externals
